17:14:52 **** Build of configuration Debug for project Challenge1 ****
make all 
Building file: ../challenge1.c
Invoking: AVR Compiler
avr-gcc -Wall -g2 -gstabs -O0 -fpack-struct -fshort-enums -ffunction-sections -fdata-sections -std=gnu99 -funsigned-char -funsigned-bitfields -mmcu=atmega32 -DF_CPU=16000000UL -MMD -MP -MF"challenge1.d" -MT"challenge1.o" -c -o "challenge1.o" "../challenge1.c"
In file included from ../challenge1.c:10:
c:/winavr-20100110/lib/gcc/../../avr/include/util/delay.h:90:3: warning: #warning "Compiler optimizations disabled; functions from <util/delay.h> won't work as designed"
Finished building: ../challenge1.c
 
Building target: Challenge1.elf
Invoking: AVR C Linker
avr-gcc -Wl,-Map,Challenge1.map -mmcu=atmega32 -o "Challenge1.elf"  ./challenge1.o   
Finished building target: Challenge1.elf
 
Invoking: AVR Create Extended Listing
avr-objdump -h -S Challenge1.elf  >"Challenge1.lss"
Finished building: Challenge1.lss
 
Invoking: Print Size
avr-size --format=avr --mcu=atmega32 Challenge1.elf
AVR Memory Usage
----------------
Device: atmega32

Program:    3750 bytes (11.4% Full)
(.text + .data + .bootloader)

Data:          8 bytes (0.4% Full)
(.data + .bss + .noinit)


Finished building: sizedummy
 

17:14:54 Build Finished. 0 errors, 1 warnings. (took 1s.736ms)

