20:48:32 **** Incremental Build of configuration Debug for project Challenge4 ****
make all 
Building file: ../challenge4.c
Invoking: AVR Compiler
avr-gcc -Wall -g2 -gstabs -O0 -fpack-struct -fshort-enums -ffunction-sections -fdata-sections -std=gnu99 -funsigned-char -funsigned-bitfields -mmcu=atmega16 -DF_CPU=1000000UL -MMD -MP -MF"challenge4.d" -MT"challenge4.o" -c -o "challenge4.o" "../challenge4.c"
Finished building: ../challenge4.c
 
Building target: Challenge4.elf
Invoking: AVR C Linker
avr-gcc -Wl,-Map,Challenge4.map -mmcu=atmega16 -o "Challenge4.elf"  ./challenge4.o   
Finished building target: Challenge4.elf
 
Invoking: AVR Create Extended Listing
avr-objdump -h -S Challenge4.elf  >"Challenge4.lss"
Finished building: Challenge4.lss
 
Invoking: Print Size
avr-size --format=avr --mcu=atmega16 Challenge4.elf
AVR Memory Usage
----------------
Device: atmega16

Program:     212 bytes (1.3% Full)
(.text + .data + .bootloader)

Data:          0 bytes (0.0% Full)
(.data + .bss + .noinit)


Finished building: sizedummy
 

20:48:32 Build Finished. 0 errors, 0 warnings. (took 666ms)

