19:56:25 **** Incremental Build of configuration Debug for project Exercise4 ****
make all 
Building file: ../ex4.c
Invoking: AVR Compiler
avr-gcc -Wall -g2 -gstabs -O0 -fpack-struct -fshort-enums -ffunction-sections -fdata-sections -std=gnu99 -funsigned-char -funsigned-bitfields -mmcu=atmega16 -DF_CPU=1000000UL -MMD -MP -MF"ex4.d" -MT"ex4.o" -c -o "ex4.o" "../ex4.c"
In file included from ../ex4.c:9:
c:/winavr-20100110/lib/gcc/../../avr/include/util/delay.h:90:3: warning: #warning "Compiler optimizations disabled; functions from <util/delay.h> won't work as designed"
Finished building: ../ex4.c
 
Building target: Exercise4.elf
Invoking: AVR C Linker
avr-gcc -Wl,-Map,Exercise4.map -mmcu=atmega16 -o "Exercise4.elf"  ./ex4.o   
Finished building target: Exercise4.elf
 
Invoking: AVR Create Extended Listing
avr-objdump -h -S Exercise4.elf  >"Exercise4.lss"
Finished building: Exercise4.lss
 
Invoking: Print Size
avr-size --format=avr --mcu=atmega16 Exercise4.elf
AVR Memory Usage
----------------
Device: atmega16

Program:    3372 bytes (20.6% Full)
(.text + .data + .bootloader)

Data:          8 bytes (0.8% Full)
(.data + .bss + .noinit)


Finished building: sizedummy
 

19:56:25 Build Finished. 0 errors, 1 warnings. (took 675ms)

