18:39:21 **** Incremental Build of configuration Debug for project Exercise6 ****
make all 
Building file: ../ex6.c
Invoking: AVR Compiler
avr-gcc -Wall -g2 -gstabs -O0 -fpack-struct -fshort-enums -ffunction-sections -fdata-sections -std=gnu99 -funsigned-char -funsigned-bitfields -mmcu=atmega16 -DF_CPU=1000000UL -MMD -MP -MF"ex6.d" -MT"ex6.o" -c -o "ex6.o" "../ex6.c"
In file included from ../ex6.c:10:
c:/winavr-20100110/lib/gcc/../../avr/include/util/delay.h:90:3: warning: #warning "Compiler optimizations disabled; functions from <util/delay.h> won't work as designed"
Finished building: ../ex6.c
 
Building target: Exercise6.elf
Invoking: AVR C Linker
avr-gcc -Wl,-Map,Exercise6.map -mmcu=atmega16 -o "Exercise6.elf"  ./ex6.o   
Finished building target: Exercise6.elf
 
Invoking: AVR Create Extended Listing
avr-objdump -h -S Exercise6.elf  >"Exercise6.lss"
Finished building: Exercise6.lss
 
Invoking: Print Size
avr-size --format=avr --mcu=atmega16 Exercise6.elf
AVR Memory Usage
----------------
Device: atmega16

Program:    3392 bytes (20.7% Full)
(.text + .data + .bootloader)

Data:          8 bytes (0.8% Full)
(.data + .bss + .noinit)


Finished building: sizedummy
 

18:39:22 Build Finished. 0 errors, 1 warnings. (took 677ms)

