01:41:09 **** Build of configuration Debug for project Exercise1 ****
make all 
Building file: ../ex1.c
Invoking: AVR Compiler
avr-gcc -Wall -g2 -gstabs -O0 -fpack-struct -fshort-enums -ffunction-sections -fdata-sections -std=gnu99 -funsigned-char -funsigned-bitfields -mmcu=atmega32 -DF_CPU=16000000UL -MMD -MP -MF"ex1.d" -MT"ex1.o" -c -o "ex1.o" "../ex1.c"
Finished building: ../ex1.c
 
Building target: Exercise1.elf
Invoking: AVR C Linker
avr-gcc -Wl,-Map,Exercise1.map -mmcu=atmega32 -o "Exercise1.elf"  ./ex1.o   
Finished building target: Exercise1.elf
 
Invoking: AVR Create Extended Listing
avr-objdump -h -S Exercise1.elf  >"Exercise1.lss"
Finished building: Exercise1.lss
 
Invoking: Print Size
avr-size --format=avr --mcu=atmega32 Exercise1.elf
AVR Memory Usage
----------------
Device: atmega32

Program:     212 bytes (0.6% Full)
(.text + .data + .bootloader)

Data:          0 bytes (0.0% Full)
(.data + .bss + .noinit)


Finished building: sizedummy
 

01:41:10 Build Finished. 0 errors, 0 warnings. (took 614ms)

