22:02:23 **** Incremental Build of configuration Debug for project Challenge3 ****
make all 
Building file: ../challenge3.c
Invoking: AVR Compiler
avr-gcc -Wall -g2 -gstabs -O0 -fpack-struct -fshort-enums -ffunction-sections -fdata-sections -std=gnu99 -funsigned-char -funsigned-bitfields -mmcu=atmega32 -DF_CPU=16000000UL -MMD -MP -MF"challenge3.d" -MT"challenge3.o" -c -o "challenge3.o" "../challenge3.c"
In file included from ../challenge3.c:9:
c:/winavr-20100110/lib/gcc/../../avr/include/util/delay.h:90:3: warning: #warning "Compiler optimizations disabled; functions from <util/delay.h> won't work as designed"
Finished building: ../challenge3.c
 
Building target: Challenge3.elf
Invoking: AVR C Linker
avr-gcc -Wl,-Map,Challenge3.map -mmcu=atmega32 -o "Challenge3.elf"  ./challenge3.o   
Finished building target: Challenge3.elf
 
Invoking: AVR Create Extended Listing
avr-objdump -h -S Challenge3.elf  >"Challenge3.lss"
Finished building: Challenge3.lss
 
Invoking: Print Size
avr-size --format=avr --mcu=atmega32 Challenge3.elf
AVR Memory Usage
----------------
Device: atmega32

Program:    4864 bytes (14.8% Full)
(.text + .data + .bootloader)

Data:          8 bytes (0.4% Full)
(.data + .bss + .noinit)


Finished building: sizedummy
 
