00:24:02 **** Incremental Build of configuration Debug for project Challenge ****
make all 
Building file: ../challenge.c
Invoking: AVR Compiler
avr-gcc -Wall -g2 -gstabs -O0 -fpack-struct -fshort-enums -ffunction-sections -fdata-sections -std=gnu99 -funsigned-char -funsigned-bitfields -mmcu=atmega32 -DF_CPU=1000000UL -MMD -MP -MF"challenge.d" -MT"challenge.o" -c -o "challenge.o" "../challenge.c"
In file included from ../challenge.c:11:
c:/winavr-20100110/lib/gcc/../../avr/include/util/delay.h:90:3: warning: #warning "Compiler optimizations disabled; functions from <util/delay.h> won't work as designed"
Finished building: ../challenge.c
 
Building target: Challenge.elf
Invoking: AVR C Linker
avr-gcc -Wl,-Map,Challenge.map -mmcu=atmega32 -o "Challenge.elf"  ./challenge.o   
Finished building target: Challenge.elf
 
Invoking: AVR Create Extended Listing
avr-objdump -h -S Challenge.elf  >"Challenge.lss"
Finished building: Challenge.lss
 
Invoking: Print Size
avr-size --format=avr --mcu=atmega32 Challenge.elf
AVR Memory Usage
----------------
Device: atmega32

Program:     356 bytes (1.1% Full)
(.text + .data + .bootloader)

Data:          1 bytes (0.0% Full)
(.data + .bss + .noinit)


Finished building: sizedummy
 
